<?xml version="1.0" encoding="UTF-8"?>
<testng-results ignored="0" total="2" passed="2" failed="0" skipped="0">
  <reporter-output>
  </reporter-output>
  <suite started-at="2025-02-05T11:01:03 IST" name="Suite" finished-at="2025-02-05T11:01:18 IST" duration-ms="14940">
    <groups>
    </groups>
    <test started-at="2025-02-05T11:01:03 IST" name="Test" finished-at="2025-02-05T11:01:18 IST" duration-ms="14940">
      <class name="Testing.Login">
        <test-method is-config="true" signature="beforeTest()[pri:0, instance:Testing.Login@73e22a3d]" started-at="2025-02-05T11:01:03 IST" name="beforeTest" finished-at="2025-02-05T11:01:04 IST" duration-ms="1393" status="PASS">
          <reporter-output>
          </reporter-output>
        </test-method> <!-- beforeTest -->
        <test-method signature="testValidLogin()[pri:0, instance:Testing.Login@73e22a3d]" started-at="2025-02-05T11:01:05 IST" name="testValidLogin" finished-at="2025-02-05T11:01:11 IST" duration-ms="6153" status="PASS">
          <reporter-output>
          </reporter-output>
        </test-method> <!-- testValidLogin -->
        <test-method is-config="true" signature="afterTest()[pri:0, instance:Testing.Login@73e22a3d]" started-at="2025-02-05T11:01:17 IST" name="afterTest" finished-at="2025-02-05T11:01:17 IST" duration-ms="110" status="PASS">
          <reporter-output>
          </reporter-output>
        </test-method> <!-- afterTest -->
      </class> <!-- Testing.Login -->
      <class name="Testing.Login_using_incorrect_credentials">
        <test-method is-config="true" signature="beforeTest()[pri:0, instance:Testing.Login_using_incorrect_credentials@20ccf40b]" started-at="2025-02-05T11:01:04 IST" name="beforeTest" finished-at="2025-02-05T11:01:05 IST" duration-ms="1152" status="PASS">
          <reporter-output>
          </reporter-output>
        </test-method> <!-- beforeTest -->
        <test-method signature="testValidLogin()[pri:0, instance:Testing.Login_using_incorrect_credentials@20ccf40b]" started-at="2025-02-05T11:01:11 IST" name="testValidLogin" finished-at="2025-02-05T11:01:17 IST" duration-ms="5843" status="PASS">
          <reporter-output>
          </reporter-output>
        </test-method> <!-- testValidLogin -->
        <test-method is-config="true" signature="afterTest()[pri:0, instance:Testing.Login_using_incorrect_credentials@20ccf40b]" started-at="2025-02-05T11:01:17 IST" name="afterTest" finished-at="2025-02-05T11:01:18 IST" duration-ms="211" status="PASS">
          <reporter-output>
          </reporter-output>
        </test-method> <!-- afterTest -->
      </class> <!-- Testing.Login_using_incorrect_credentials -->
    </test> <!-- Test -->
  </suite> <!-- Suite -->
</testng-results>
